\\PSF\HOME\DOCUMENTS\UFOP\AULAS\TEMPO REAL\AULAS\2013-1-PRATICA\AULA3\CODIGO\EVALBOARDS\MICROSOFT\WINDOWS\VISUAL STUDIO 2010\WIN32GUIAPP\GUIAPP\DEBUG\VC110.PDB
\\PSF\HOME\DOCUMENTS\UFOP\AULAS\TEMPO REAL\AULAS\2013-1-PRATICA\AULA3\CODIGO\EVALBOARDS\MICROSOFT\WINDOWS\VISUAL STUDIO 2010\WIN32GUIAPP\GUIAPP\DEBUG\APP.OBJ
\\PSF\HOME\DOCUMENTS\UFOP\AULAS\TEMPO REAL\AULAS\2013-1-PRATICA\AULA3\CODIGO\EVALBOARDS\MICROSOFT\WINDOWS\VISUAL STUDIO 2010\WIN32GUIAPP\GUIAPP\DEBUG\GUI.OBJ
\\PSF\HOME\DOCUMENTS\UFOP\AULAS\TEMPO REAL\AULAS\2013-1-PRATICA\AULA3\CODIGO\EVALBOARDS\MICROSOFT\WINDOWS\VISUAL STUDIO 2010\WIN32GUIAPP\GUIAPP\DEBUG\FS_APP.OBJ
Z:\DOCUMENTS\UFOP\AULAS\TEMPO REAL\AULAS\2013-2-PRATICA\AULA2_3\CODIGO\EVALBOARDS\MICROSOFT\WINDOWS\VISUAL STUDIO 2010\WIN32GUIAPP\GUIAPP\DEBUG\APP.OBJ
Z:\DOCUMENTS\UFOP\AULAS\TEMPO REAL\AULAS\2013-2-PRATICA\AULA2_3\CODIGO\EVALBOARDS\MICROSOFT\WINDOWS\VISUAL STUDIO 2010\WIN32GUIAPP\GUIAPP\DEBUG\FS_APP.OBJ
Z:\DOCUMENTS\UFOP\AULAS\TEMPO REAL\AULAS\2013-2-PRATICA\AULA2_3\CODIGO\EVALBOARDS\MICROSOFT\WINDOWS\VISUAL STUDIO 2010\WIN32GUIAPP\GUIAPP\DEBUG\GUI.OBJ
Z:\DOCUMENTS\UFOP\AULAS\TEMPO REAL\AULAS\2013-2-PRATICA\AULA2_3\CODIGO\EVALBOARDS\MICROSOFT\WINDOWS\VISUAL STUDIO 2010\WIN32GUIAPP\GUIAPP\DEBUG\VC110.PDB
\\PSF\HOME\DOCUMENTS\UFOP\AULAS\TEMPO REAL\AULAS\2013-1-PRATICA\AULA3\CODIGO\EVALBOARDS\MICROSOFT\WINDOWS\VISUAL STUDIO 2010\WIN32GUIAPP\GUIAPP\DEBUG\GUIAPP.ILK
\\PSF\HOME\DOCUMENTS\UFOP\AULAS\TEMPO REAL\AULAS\2013-1-PRATICA\AULA3\CODIGO\EVALBOARDS\MICROSOFT\WINDOWS\VISUAL STUDIO 2010\WIN32GUIAPP\GUIAPP\DEBUG\GUIAPP.EXE
\\PSF\HOME\DOCUMENTS\UFOP\AULAS\TEMPO REAL\AULAS\2013-1-PRATICA\AULA3\CODIGO\EVALBOARDS\MICROSOFT\WINDOWS\VISUAL STUDIO 2010\WIN32GUIAPP\GUIAPP\DEBUG\GUIAPP.PDB
Z:\DOCUMENTS\UFOP\AULAS\TEMPO REAL\AULAS\2013-2-PRATICA\AULA2_3\CODIGO\EVALBOARDS\MICROSOFT\WINDOWS\VISUAL STUDIO 2010\WIN32GUIAPP\GUIAPP\DEBUG\GUIAPP.ILK
Z:\DOCUMENTS\UFOP\AULAS\TEMPO REAL\AULAS\2013-2-PRATICA\AULA2_3\CODIGO\EVALBOARDS\MICROSOFT\WINDOWS\VISUAL STUDIO 2010\WIN32GUIAPP\GUIAPP\DEBUG\GUIAPP.EXE
Z:\DOCUMENTS\UFOP\AULAS\TEMPO REAL\AULAS\2013-2-PRATICA\AULA2_3\CODIGO\EVALBOARDS\MICROSOFT\WINDOWS\VISUAL STUDIO 2010\WIN32GUIAPP\GUIAPP\DEBUG\GUIAPP.PDB
Z:\Documents\UFOP\aulas\Tempo Real\aulas\2013-2-Pratica\aula2_3\codigo\EvalBoards\Microsoft\Windows\Visual Studio 2010\Win32GUIApp\GuiApp\Debug\app.obj
Z:\Documents\UFOP\aulas\Tempo Real\aulas\2013-2-Pratica\aula2_3\codigo\EvalBoards\Microsoft\Windows\Visual Studio 2010\Win32GUIApp\GuiApp\Debug\fs_app.obj
Z:\Documents\UFOP\aulas\Tempo Real\aulas\2013-2-Pratica\aula2_3\codigo\EvalBoards\Microsoft\Windows\Visual Studio 2010\Win32GUIApp\GuiApp\Debug\gui.obj
Z:\Documents\UFOP\aulas\Tempo Real\aulas\2013-2-Pratica\aula2_3\codigo\EvalBoards\Microsoft\Windows\Visual Studio 2010\Win32GUIApp\GuiApp\Debug\GuiApp.ilk
Z:\Documents\UFOP\aulas\Tempo Real\aulas\2013-2-Pratica\aula2_3\codigo\EvalBoards\Microsoft\Windows\Visual Studio 2010\Win32GUIApp\GuiApp\Debug\cl.command.1.tlog
Z:\Documents\UFOP\aulas\Tempo Real\aulas\2013-2-Pratica\aula2_3\codigo\EvalBoards\Microsoft\Windows\Visual Studio 2010\Win32GUIApp\GuiApp\Debug\cl.read.1.tlog
Z:\Documents\UFOP\aulas\Tempo Real\aulas\2013-2-Pratica\aula2_3\codigo\EvalBoards\Microsoft\Windows\Visual Studio 2010\Win32GUIApp\GuiApp\Debug\cl.write.1.tlog
Z:\Documents\UFOP\aulas\Tempo Real\aulas\2013-2-Pratica\aula2_3\codigo\EvalBoards\Microsoft\Windows\Visual Studio 2010\Win32GUIApp\GuiApp\Debug\link-cvtres.read.1.tlog
Z:\Documents\UFOP\aulas\Tempo Real\aulas\2013-2-Pratica\aula2_3\codigo\EvalBoards\Microsoft\Windows\Visual Studio 2010\Win32GUIApp\GuiApp\Debug\link-cvtres.write.1.tlog
Z:\Documents\UFOP\aulas\Tempo Real\aulas\2013-2-Pratica\aula2_3\codigo\EvalBoards\Microsoft\Windows\Visual Studio 2010\Win32GUIApp\GuiApp\Debug\link-rc.read.1.tlog
Z:\Documents\UFOP\aulas\Tempo Real\aulas\2013-2-Pratica\aula2_3\codigo\EvalBoards\Microsoft\Windows\Visual Studio 2010\Win32GUIApp\GuiApp\Debug\link-rc.write.1.tlog
Z:\Documents\UFOP\aulas\Tempo Real\aulas\2013-2-Pratica\aula2_3\codigo\EvalBoards\Microsoft\Windows\Visual Studio 2010\Win32GUIApp\GuiApp\Debug\link.command.1.tlog
Z:\Documents\UFOP\aulas\Tempo Real\aulas\2013-2-Pratica\aula2_3\codigo\EvalBoards\Microsoft\Windows\Visual Studio 2010\Win32GUIApp\GuiApp\Debug\link.read.1.tlog
Z:\Documents\UFOP\aulas\Tempo Real\aulas\2013-2-Pratica\aula2_3\codigo\EvalBoards\Microsoft\Windows\Visual Studio 2010\Win32GUIApp\GuiApp\Debug\link.read.2.tlog
Z:\Documents\UFOP\aulas\Tempo Real\aulas\2013-2-Pratica\aula2_3\codigo\EvalBoards\Microsoft\Windows\Visual Studio 2010\Win32GUIApp\GuiApp\Debug\link.write.1.tlog
Z:\Documents\UFOP\aulas\Tempo Real\aulas\2013-2-Pratica\aula2_3\codigo\EvalBoards\Microsoft\Windows\Visual Studio 2010\Win32GUIApp\GuiApp\Debug\vc110.idb
Z:\Documents\UFOP\aulas\Tempo Real\aulas\2013-2-Pratica\aula2_3\codigo\EvalBoards\Microsoft\Windows\Visual Studio 2010\Win32GUIApp\GuiApp\Debug\GuiApp.pdb
Z:\Documents\UFOP\aulas\Tempo Real\aulas\2013-2-Pratica\aula2_3\codigo\EvalBoards\Microsoft\Windows\Visual Studio 2010\Win32GUIApp\GuiApp\Debug\vc110.pdb
Z:\Documents\UFOP\aulas\Tempo Real\aulas\2013-2-Pratica\aula2_3\codigo\EvalBoards\Microsoft\Windows\Visual Studio 2010\Win32GUIApp\GuiApp\Debug\GuiApp.exe
